[23:23:56] [main/WARN]: Ambiguity between arguments [teleport, destination] and [teleport, targets] with inputs: [Player, 0123, @e, dd12be42-52a9-4a91-a8a1-11c01849e498]
[23:23:56] [main/WARN]: Ambiguity between arguments [teleport, location] and [teleport, destination] with inputs: [0.1 -0.5 .9, 0 0 0]
[23:23:56] [main/WARN]: Ambiguity between arguments [teleport, location] and [teleport, targets] with inputs: [0.1 -0.5 .9, 0 0 0]
[23:23:56] [main/WARN]: Ambiguity between arguments [teleport, targets] and [teleport, destination] with inputs: [Player, 0123, dd12be42-52a9-4a91-a8a1-11c01849e498]
[23:23:56] [main/WARN]: Ambiguity between arguments [teleport, targets, location] and [teleport, targets, destination] with inputs: [0.1 -0.5 .9, 0 0 0]
[23:23:56] [main/INFO]: Loaded 0 recipes
[23:23:56] [Server thread/INFO]: Starting minecraft server version 1.13.1
[23:23:56] [Server thread/INFO]: Loading properties
[23:23:56] [Server thread/INFO]: Default game type: ADVENTURE
[23:23:56] [Server thread/INFO]: This server is running CraftBukkit version git-Spigot-2440e18-4228a56 (MC: 1.13.1) (Implementing API version 1.13.1-R0.1-SNAPSHOT)
[23:23:57] [Server thread/INFO]: Debug logging is disabled
[23:23:57] [Server thread/INFO]: Using 4 threads for Netty based IO
[23:23:57] [Server thread/INFO]: Server Ping Player Sample Count: 12
[23:23:57] [Server thread/INFO]: Generating keypair
[23:23:57] [Server thread/INFO]: Starting Minecraft server on *:25565
[23:23:57] [Server thread/INFO]: Using default channel type
[23:23:59] [Server thread/INFO]: Set PluginClassLoader as parallel capable
[23:23:59] [Server thread/INFO]: [dynmap] Loading dynmap v2.5-Dev201706100405
[23:23:59] [Server thread/INFO]: [dynmap] version=git-Spigot-2440e18-4228a56 (MC: 1.13.1)
[23:24:00] [Server thread/ERROR]: [dynmap] Unable to find method getById for net.minecraft.server.v1_13_R2.Block
[23:24:00] [Server thread/ERROR]: [dynmap] Unable to find method a for net.minecraft.server.v1_13_R2.BiomeBase
[23:24:00] [Server thread/ERROR]: [dynmap] Unable to find field temperature for net.minecraft.server.v1_13_R2.BiomeBase
[23:24:00] [Server thread/ERROR]: [dynmap] Unable to find field humidity for net.minecraft.server.v1_13_R2.BiomeBase
[23:24:00] [Server thread/ERROR]: [dynmap] Unable to find field y for net.minecraft.server.v1_13_R2.BiomeBase
[23:24:00] [Server thread/INFO]: [dynmap] Unload queue not found - default to unload all chunks
[23:24:00] [Server thread/INFO]: [dynmap] inhabitedTicks field not found - inhabited shader not functional
[23:24:00] [Server thread/ERROR]: Error initializing dynmap - bukkit version incompatible! initializing dynmap v2.5-Dev201706100405 (Is it up to date?)
java.lang.IllegalArgumentException: Error initializing dynmap - bukkit version incompatible!
	at org.dynmap.bukkit.BukkitVersionHelperGeneric.<init>(BukkitVersionHelperGeneric.java:129) ~[?:?]
	at org.dynmap.bukkit.BukkitVersionHelperCB.<init>(BukkitVersionHelperCB.java:39) ~[?:?]
	at org.dynmap.bukkit.BukkitVersionHelper.getHelper(BukkitVersionHelper.java:42) ~[?:?]
	at org.dynmap.bukkit.DynmapPlugin.onLoad(DynmapPlugin.java:756) ~[?:?]
	at org.bukkit.craftbukkit.v1_13_R2.CraftServer.loadPlugins(CraftServer.java:321) [spigot-1.13.1.jar:git-Spigot-2440e18-4228a56]
	at net.minecraft.server.v1_13_R2.DedicatedServer.init(DedicatedServer.java:213) [spigot-1.13.1.jar:git-Spigot-2440e18-4228a56]
	at net.minecraft.server.v1_13_R2.MinecraftServer.run(MinecraftServer.java:698) [spigot-1.13.1.jar:git-Spigot-2440e18-4228a56]
	at java.lang.Thread.run(Unknown Source) [?:1.8.0_161]
[23:24:00] [Server thread/INFO]: [WorldEdit] Loading WorldEdit v6.1.8-SNAPSHOT;cd4729f
[23:24:00] [Server thread/INFO]: [ImageMaps] Loading ImageMaps v0.4.3
[23:24:00] [Server thread/INFO]: [PlaceholderAPI] Loading PlaceholderAPI v2.8.6
[23:24:00] [Server thread/INFO]: [PermissionsEx] Loading PermissionsEx v1.23.4
[23:24:00] [Server thread/INFO]: [ArmorStandEditor] Loading ArmorStandEditor v1.11.2-19
[23:24:00] [Server thread/INFO]: [MineWallet] Loading MineWallet v1.2.4
[23:24:00] [Server thread/INFO]: [Animatronics] Loading Animatronics v1.8.6
[23:24:00] [Server thread/INFO]: [Hat] Loading Hat v1.0
[23:24:00] [Server thread/INFO]: [Vault] Loading Vault v1.6.1
[23:24:00] [Server thread/INFO]: [ChairStairs] Loading ChairStairs v1.1
[23:24:00] [Server thread/INFO]: [WorldGuard] Loading WorldGuard v6.2.1;84bc322
[23:24:00] [Server thread/INFO]: [EnjinMinecraftPlugin] Loading EnjinMinecraftPlugin v3.4.3
[23:24:00] [Server thread/INFO]: [Dreamland] Loading Dreamland v1.0
[23:24:00] [Server thread/INFO]: [MCJukebox] Loading MCJukebox v2.4
[23:24:00] [Server thread/INFO]: [Vault] Enabling Vault v1.6.1
[23:24:00] [Server thread/INFO]: [Vault] [Permission] PermissionsEx found: Waiting
[23:24:00] [Server thread/INFO]: [Vault] [Permission] SuperPermissions loaded as backup permission system.
[23:24:00] [Server thread/INFO]: [Vault] [Chat] PermissionsEx found: Waiting
[23:24:00] [Server thread/INFO]: [Vault] Plugin enabled (97ms)
[23:24:00] [Server thread/INFO]: **** Beginning UUID conversion, this may take A LONG time ****
[23:24:00] [Server thread/INFO]: Preparing level "dreamland"
[23:24:00] [Server thread/INFO]: Found new data pack file/bukkit, loading it automatically
[23:24:00] [Server thread/INFO]: Found new data pack vanilla, loading it automatically
[23:24:00] [Server thread/INFO]: Reloading ResourceManager: Default, bukkit
[23:24:01] [Server thread/INFO]: Loaded 524 recipes
[23:24:02] [Server thread/INFO]: -------- World Settings For [dreamland] --------
[23:24:02] [Server thread/INFO]: Custom Map Seeds:  Village: 10387312 Desert: 14357617 Igloo: 14357618 Jungle: 14357619 Swamp: 14357620 Monument: 10387313Ocean: 14357621 Shipwreck: 165745295 Slime: 987234911
[23:24:02] [Server thread/INFO]: Experience Merge Radius: 3.0
[23:24:02] [Server thread/INFO]: View Distance: 10
[23:24:02] [Server thread/INFO]: Item Merge Radius: 2.5
[23:24:02] [Server thread/INFO]: Item Despawn Rate: 6000
[23:24:02] [Server thread/INFO]: Allow Zombie Pigmen to spawn from portal blocks: true
[23:24:02] [Server thread/INFO]: Arrow Despawn Rate: 1200
[23:24:02] [Server thread/INFO]: Nerfing mobs spawned from spawners: false
[23:24:02] [Server thread/INFO]: Zombie Aggressive Towards Villager: true
[23:24:02] [Server thread/INFO]: Mob Spawn Range: 4
[23:24:02] [Server thread/INFO]: Entity Activation Range: An 32 / Mo 32 / Mi 16 / Tiv true
[23:24:02] [Server thread/INFO]: Max TNT Explosions: 100
[23:24:02] [Server thread/INFO]: Tile Max Tick Time: 50ms Entity max Tick Time: 50ms
[23:24:02] [Server thread/INFO]: Cactus Growth Modifier: 100%
[23:24:02] [Server thread/INFO]: Cane Growth Modifier: 100%
[23:24:02] [Server thread/INFO]: Melon Growth Modifier: 100%
[23:24:02] [Server thread/INFO]: Mushroom Growth Modifier: 100%
[23:24:02] [Server thread/INFO]: Pumpkin Growth Modifier: 100%
[23:24:02] [Server thread/INFO]: Sapling Growth Modifier: 100%
[23:24:02] [Server thread/INFO]: Wheat Growth Modifier: 100%
[23:24:02] [Server thread/INFO]: NetherWart Growth Modifier: 100%
[23:24:02] [Server thread/INFO]: Vine Growth Modifier: 100%
[23:24:02] [Server thread/INFO]: Cocoa Growth Modifier: 100%
[23:24:02] [Server thread/INFO]: Hopper Transfer: 8 Hopper Check: 1 Hopper Amount: 1
[23:24:02] [Server thread/INFO]: Random Lighting Updates: false
[23:24:02] [Server thread/INFO]: Entity Tracking Range: Pl 48 / An 48 / Mo 48 / Mi 32 / Other 64
[23:24:02] [Server thread/INFO]: -------- World Settings For [dreamland_nether] --------
[23:24:02] [Server thread/INFO]: Custom Map Seeds:  Village: 10387312 Desert: 14357617 Igloo: 14357618 Jungle: 14357619 Swamp: 14357620 Monument: 10387313Ocean: 14357621 Shipwreck: 165745295 Slime: 987234911
[23:24:02] [Server thread/INFO]: Experience Merge Radius: 3.0
[23:24:02] [Server thread/INFO]: View Distance: 10
[23:24:02] [Server thread/INFO]: Item Merge Radius: 2.5
[23:24:02] [Server thread/INFO]: Item Despawn Rate: 6000
[23:24:02] [Server thread/INFO]: Allow Zombie Pigmen to spawn from portal blocks: true
[23:24:02] [Server thread/INFO]: Arrow Despawn Rate: 1200
[23:24:02] [Server thread/INFO]: Nerfing mobs spawned from spawners: false
[23:24:02] [Server thread/INFO]: Zombie Aggressive Towards Villager: true
[23:24:02] [Server thread/INFO]: Mob Spawn Range: 4
[23:24:02] [Server thread/INFO]: Entity Activation Range: An 32 / Mo 32 / Mi 16 / Tiv true
[23:24:02] [Server thread/INFO]: Max TNT Explosions: 100
[23:24:02] [Server thread/INFO]: Tile Max Tick Time: 50ms Entity max Tick Time: 50ms
[23:24:02] [Server thread/INFO]: Cactus Growth Modifier: 100%
[23:24:02] [Server thread/INFO]: Cane Growth Modifier: 100%
[23:24:02] [Server thread/INFO]: Melon Growth Modifier: 100%
[23:24:02] [Server thread/INFO]: Mushroom Growth Modifier: 100%
[23:24:02] [Server thread/INFO]: Pumpkin Growth Modifier: 100%
[23:24:02] [Server thread/INFO]: Sapling Growth Modifier: 100%
[23:24:02] [Server thread/INFO]: Wheat Growth Modifier: 100%
[23:24:02] [Server thread/INFO]: NetherWart Growth Modifier: 100%
[23:24:02] [Server thread/INFO]: Vine Growth Modifier: 100%
[23:24:02] [Server thread/INFO]: Cocoa Growth Modifier: 100%
[23:24:02] [Server thread/INFO]: Hopper Transfer: 8 Hopper Check: 1 Hopper Amount: 1
[23:24:02] [Server thread/INFO]: Random Lighting Updates: false
[23:24:02] [Server thread/INFO]: Entity Tracking Range: Pl 48 / An 48 / Mo 48 / Mi 32 / Other 64
[23:24:02] [Server thread/INFO]: -------- World Settings For [dreamland_the_end] --------
[23:24:02] [Server thread/INFO]: Custom Map Seeds:  Village: 10387312 Desert: 14357617 Igloo: 14357618 Jungle: 14357619 Swamp: 14357620 Monument: 10387313Ocean: 14357621 Shipwreck: 165745295 Slime: 987234911
[23:24:02] [Server thread/INFO]: Experience Merge Radius: 3.0
[23:24:02] [Server thread/INFO]: View Distance: 10
[23:24:02] [Server thread/INFO]: Item Merge Radius: 2.5
[23:24:02] [Server thread/INFO]: Item Despawn Rate: 6000
[23:24:02] [Server thread/INFO]: Allow Zombie Pigmen to spawn from portal blocks: true
[23:24:02] [Server thread/INFO]: Arrow Despawn Rate: 1200
[23:24:02] [Server thread/INFO]: Nerfing mobs spawned from spawners: false
[23:24:02] [Server thread/INFO]: Zombie Aggressive Towards Villager: true
[23:24:02] [Server thread/INFO]: Mob Spawn Range: 4
[23:24:02] [Server thread/INFO]: Entity Activation Range: An 32 / Mo 32 / Mi 16 / Tiv true
[23:24:02] [Server thread/INFO]: Max TNT Explosions: 100
[23:24:02] [Server thread/INFO]: Tile Max Tick Time: 50ms Entity max Tick Time: 50ms
[23:24:02] [Server thread/INFO]: Cactus Growth Modifier: 100%
[23:24:02] [Server thread/INFO]: Cane Growth Modifier: 100%
[23:24:02] [Server thread/INFO]: Melon Growth Modifier: 100%
[23:24:02] [Server thread/INFO]: Mushroom Growth Modifier: 100%
[23:24:02] [Server thread/INFO]: Pumpkin Growth Modifier: 100%
[23:24:02] [Server thread/INFO]: Sapling Growth Modifier: 100%
[23:24:02] [Server thread/INFO]: Wheat Growth Modifier: 100%
[23:24:02] [Server thread/INFO]: NetherWart Growth Modifier: 100%
[23:24:02] [Server thread/INFO]: Vine Growth Modifier: 100%
[23:24:02] [Server thread/INFO]: Cocoa Growth Modifier: 100%
[23:24:02] [Server thread/INFO]: Hopper Transfer: 8 Hopper Check: 1 Hopper Amount: 1
[23:24:02] [Server thread/INFO]: Random Lighting Updates: false
[23:24:02] [Server thread/INFO]: Entity Tracking Range: Pl 48 / An 48 / Mo 48 / Mi 32 / Other 64
[23:24:02] [Server thread/INFO]: Preparing start region for level minecraft:the_nether (Seed: 3938616966247869992)
[23:24:02] [Server thread/INFO]: Preparing spawn area: 4%
[23:24:02] [Server thread/INFO]: Preparing spawn area: 8%
[23:24:02] [Server thread/INFO]: Preparing spawn area: 12%
[23:24:02] [Server thread/INFO]: Preparing spawn area: 16%
[23:24:02] [Server thread/INFO]: Preparing spawn area: 20%
[23:24:02] [Server thread/INFO]: Preparing spawn area: 24%
[23:24:02] [Server thread/INFO]: Preparing spawn area: 28%
[23:24:03] [Server thread/INFO]: Preparing spawn area: 32%
[23:24:03] [Server thread/INFO]: Preparing spawn area: 36%
[23:24:03] [Server thread/INFO]: Preparing spawn area: 40%
[23:24:03] [Server thread/INFO]: Preparing spawn area: 44%
[23:24:03] [Server thread/INFO]: Preparing spawn area: 48%
[23:24:03] [Server thread/INFO]: Preparing spawn area: 52%
[23:24:03] [Server thread/INFO]: Preparing spawn area: 56%
[23:24:03] [Server thread/INFO]: Preparing spawn area: 60%
[23:24:03] [Server thread/INFO]: Preparing spawn area: 64%
[23:24:03] [Server thread/INFO]: Preparing spawn area: 68%
[23:24:03] [Server thread/INFO]: Preparing spawn area: 72%
[23:24:03] [Server thread/INFO]: Preparing spawn area: 76%
[23:24:03] [Server thread/INFO]: Preparing spawn area: 80%
[23:24:04] [Server thread/INFO]: Preparing spawn area: 84%
[23:24:04] [Server thread/INFO]: Preparing spawn area: 88%
[23:24:04] [Server thread/INFO]: Preparing spawn area: 92%
[23:24:04] [Server thread/INFO]: Preparing spawn area: 96%
[23:24:04] [Server thread/INFO]: Preparing spawn area: 100%
[23:24:04] [Server thread/INFO]: Preparing start region for level minecraft:overworld (Seed: 3938616966247869992)
[23:24:04] [Server thread/INFO]: Preparing spawn area: 4%
[23:24:04] [Server thread/INFO]: Preparing spawn area: 8%
[23:24:04] [Server thread/INFO]: Preparing spawn area: 12%
[23:24:04] [Server thread/INFO]: Preparing spawn area: 16%
[23:24:04] [Server thread/INFO]: Preparing spawn area: 20%
[23:24:04] [Server thread/INFO]: Preparing spawn area: 24%
[23:24:05] [Server thread/INFO]: Preparing spawn area: 28%
[23:24:05] [Server thread/INFO]: Preparing spawn area: 32%
[23:24:05] [Server thread/INFO]: Preparing spawn area: 36%
[23:24:05] [Server thread/INFO]: Preparing spawn area: 40%
[23:24:06] [Server thread/INFO]: Preparing spawn area: 44%
[23:24:06] [Server thread/INFO]: Preparing spawn area: 48%
[23:24:06] [Server thread/INFO]: Preparing spawn area: 52%
[23:24:06] [Server thread/INFO]: Preparing spawn area: 56%
[23:24:06] [Server thread/INFO]: Preparing spawn area: 60%
[23:24:07] [Server thread/INFO]: Preparing spawn area: 64%
[23:24:07] [Server thread/INFO]: Preparing spawn area: 68%
[23:24:07] [Server thread/INFO]: Preparing spawn area: 72%
[23:24:07] [Server thread/INFO]: Preparing spawn area: 76%
[23:24:07] [Server thread/INFO]: Preparing spawn area: 80%
[23:24:07] [Server thread/INFO]: Preparing spawn area: 84%
[23:24:07] [Server thread/INFO]: Preparing spawn area: 88%
[23:24:07] [Server thread/INFO]: Preparing spawn area: 92%
[23:24:07] [Server thread/INFO]: Preparing spawn area: 96%
[23:24:07] [Server thread/INFO]: Preparing spawn area: 100%
[23:24:07] [Server thread/INFO]: Preparing start region for level minecraft:the_end (Seed: 3938616966247869992)
[23:24:07] [Server thread/INFO]: Preparing spawn area: 4%
[23:24:07] [Server thread/INFO]: Preparing spawn area: 8%
[23:24:07] [Server thread/INFO]: Preparing spawn area: 12%
[23:24:07] [Server thread/INFO]: Preparing spawn area: 16%
[23:24:07] [Server thread/INFO]: Preparing spawn area: 20%
[23:24:07] [Server thread/INFO]: Preparing spawn area: 24%
[23:24:07] [Server thread/INFO]: Preparing spawn area: 28%
[23:24:07] [Server thread/INFO]: Preparing spawn area: 32%
[23:24:07] [Server thread/INFO]: Preparing spawn area: 36%
[23:24:07] [Server thread/INFO]: Preparing spawn area: 40%
[23:24:07] [Server thread/INFO]: Preparing spawn area: 44%
[23:24:07] [Server thread/INFO]: Preparing spawn area: 48%
[23:24:07] [Server thread/INFO]: Preparing spawn area: 52%
[23:24:07] [Server thread/INFO]: Preparing spawn area: 56%
[23:24:07] [Server thread/INFO]: Preparing spawn area: 60%
[23:24:07] [Server thread/INFO]: Preparing spawn area: 64%
[23:24:07] [Server thread/INFO]: Preparing spawn area: 68%
[23:24:07] [Server thread/INFO]: Preparing spawn area: 72%
[23:24:07] [Server thread/INFO]: Preparing spawn area: 76%
[23:24:07] [Server thread/INFO]: Preparing spawn area: 80%
[23:24:07] [Server thread/INFO]: Preparing spawn area: 84%
[23:24:07] [Server thread/INFO]: Preparing spawn area: 88%
[23:24:07] [Server thread/INFO]: Preparing spawn area: 92%
[23:24:07] [Server thread/INFO]: Preparing spawn area: 96%
[23:24:07] [Server thread/INFO]: Preparing spawn area: 100%
[23:24:07] [Server thread/INFO]: Time elapsed: 5652 ms
[23:24:07] [Server thread/INFO]: [dynmap] Enabling dynmap v2.5-Dev201706100405
[23:24:07] [Server thread/INFO]: [dynmap] Dynmap is disabled (unsupported platform)
[23:24:07] [Server thread/INFO]: [WorldEdit] Enabling WorldEdit v6.1.8-SNAPSHOT;cd4729f
[23:24:08] [Server thread/INFO]: WEPIF: Using the Bukkit Permissions API.
[23:24:08] [Server thread/ERROR]: Error occurred while enabling WorldEdit v6.1.8-SNAPSHOT;cd4729f (Is it up to date?)
java.lang.IllegalArgumentException: Channel must contain : separator
	at org.bukkit.plugin.messaging.StandardMessenger.validateAndCorrectChannel(StandardMessenger.java:474) ~[spigot-1.13.1.jar:git-Spigot-2440e18-4228a56]
	at org.bukkit.plugin.messaging.StandardMessenger.registerIncomingPluginChannel(StandardMessenger.java:209) ~[spigot-1.13.1.jar:git-Spigot-2440e18-4228a56]
	at com.sk89q.worldedit.bukkit.WorldEditPlugin.onEnable(WorldEditPlugin.java:110) ~[?:?]
	at org.bukkit.plugin.java.JavaPlugin.setEnabled(JavaPlugin.java:264) ~[spigot-1.13.1.jar:git-Spigot-2440e18-4228a56]
	at org.bukkit.plugin.java.JavaPluginLoader.enablePlugin(JavaPluginLoader.java:339) [spigot-1.13.1.jar:git-Spigot-2440e18-4228a56]
	at org.bukkit.plugin.SimplePluginManager.enablePlugin(SimplePluginManager.java:403) [spigot-1.13.1.jar:git-Spigot-2440e18-4228a56]
	at org.bukkit.craftbukkit.v1_13_R2.CraftServer.enablePlugin(CraftServer.java:427) [spigot-1.13.1.jar:git-Spigot-2440e18-4228a56]
	at org.bukkit.craftbukkit.v1_13_R2.CraftServer.enablePlugins(CraftServer.java:341) [spigot-1.13.1.jar:git-Spigot-2440e18-4228a56]
	at net.minecraft.server.v1_13_R2.MinecraftServer.l(MinecraftServer.java:582) [spigot-1.13.1.jar:git-Spigot-2440e18-4228a56]
	at net.minecraft.server.v1_13_R2.MinecraftServer.a(MinecraftServer.java:545) [spigot-1.13.1.jar:git-Spigot-2440e18-4228a56]
	at net.minecraft.server.v1_13_R2.MinecraftServer.a(MinecraftServer.java:423) [spigot-1.13.1.jar:git-Spigot-2440e18-4228a56]
	at net.minecraft.server.v1_13_R2.DedicatedServer.init(DedicatedServer.java:288) [spigot-1.13.1.jar:git-Spigot-2440e18-4228a56]
	at net.minecraft.server.v1_13_R2.MinecraftServer.run(MinecraftServer.java:698) [spigot-1.13.1.jar:git-Spigot-2440e18-4228a56]
	at java.lang.Thread.run(Unknown Source) [?:1.8.0_161]
[23:24:08] [Server thread/INFO]: [ImageMaps] Enabling ImageMaps v0.4.3
[23:24:08] [Server thread/INFO]: [PlaceholderAPI] Enabling PlaceholderAPI v2.8.6
[23:24:08] [Server thread/INFO]: [PlaceholderAPI] Placeholder expansion registration initializing...
[23:24:08] [Server thread/INFO]: [PlaceholderAPI] Fetching available expansion information...
[23:24:08] [Server thread/INFO]: [PermissionsEx] Enabling PermissionsEx v1.23.4
[23:24:08] [Server thread/INFO]: [PermissionsEx] Initializing file backend
[23:24:08] [Server thread/INFO]: [PermissionsEx] Permissions file successfully reloaded
[23:24:08] [Server thread/INFO]: WEPIF: PermissionsEx detected! Using PermissionsEx for permissions.
[23:24:08] [Server thread/INFO]: [Vault][Permission] PermissionsEx hooked.
[23:24:08] [Server thread/INFO]: [Vault][Chat] PermissionsEx_Chat hooked.
[23:24:08] [Server thread/INFO]: [ArmorStandEditor] Enabling ArmorStandEditor v1.11.2-19
[23:24:08] [Server thread/INFO]: [MineWallet] Enabling MineWallet v1.2.4
[23:24:09] [Server thread/INFO]: [0;32;1m[MineWallet] MySQL not enabled! Saving playerdatas to a file![m
[23:24:09] [Server thread/INFO]: [0;33;1m[Vault][Economy] MineWallet hooked.[m
[23:24:09] [Server thread/INFO]: [0;36;1m[MineWallet] Plugin successfully started![m
[23:24:09] [Server thread/INFO]: [MineWallet] New update is available!
[23:24:09] [Server thread/INFO]: [Animatronics] Enabling Animatronics v1.8.6
[23:24:09] [Server thread/INFO]: [Animatronics] Config.yml found, loading!
[23:24:12] [User Authenticator #1/INFO]: UUID of player StevenPaw is ff1022ac-91de-4516-bddd-1656aae12fc1
[23:24:12] [Server thread/INFO]: [Hat] Enabling Hat v1.0
[23:24:12] [Server thread/INFO]: [ChairStairs] Enabling ChairStairs v1.1
[23:24:12] [Server thread/INFO]: [WorldGuard] Enabling WorldGuard v6.2.1;84bc322
[23:24:12] [Thread-22/INFO]: [Animatronics] There is a new version available! You are running: 1.8.6 , latest: 1.8.7 .
[23:24:12] [Server thread/INFO]: [WorldGuard] (dreamland) TNT ignition is PERMITTED.
[23:24:12] [Server thread/INFO]: [WorldGuard] (dreamland) Lighters are PERMITTED.
[23:24:12] [Server thread/INFO]: [WorldGuard] (dreamland) Lava fire is blocked.
[23:24:12] [Server thread/INFO]: [WorldGuard] (dreamland) Fire spread is UNRESTRICTED.
[23:24:12] [Server thread/INFO]: [WorldGuard] Loaded configuration for world 'dreamland'
[23:24:12] [Server thread/INFO]: [WorldGuard] (dreamland_nether) TNT ignition is PERMITTED.
[23:24:12] [Server thread/INFO]: [WorldGuard] (dreamland_nether) Lighters are PERMITTED.
[23:24:12] [Server thread/INFO]: [WorldGuard] (dreamland_nether) Lava fire is blocked.
[23:24:12] [Server thread/INFO]: [WorldGuard] (dreamland_nether) Fire spread is UNRESTRICTED.
[23:24:12] [Server thread/INFO]: [WorldGuard] Loaded configuration for world 'dreamland_nether'
[23:24:12] [Server thread/INFO]: [WorldGuard] (dreamland_the_end) TNT ignition is PERMITTED.
[23:24:12] [Server thread/INFO]: [WorldGuard] (dreamland_the_end) Lighters are PERMITTED.
[23:24:12] [Server thread/INFO]: [WorldGuard] (dreamland_the_end) Lava fire is blocked.
[23:24:12] [Server thread/INFO]: [WorldGuard] (dreamland_the_end) Fire spread is UNRESTRICTED.
[23:24:12] [Server thread/INFO]: [WorldGuard] Loaded configuration for world 'dreamland_the_end'
[23:24:12] [Server thread/INFO]: [WorldGuard] Loading region data...
[23:24:12] [Server thread/INFO]: [EnjinMinecraftPlugin] Enabling EnjinMinecraftPlugin v3.4.3
[23:24:12] [Server thread/INFO]: Initializing for the first time.
[23:24:12] [Server thread/INFO]: Log4j 2 handler detected: com.enjin.common.compatibility.CurrentLog4j2Handler
[23:24:13] [Server thread/INFO]: [Dreamland] Enabling Dreamland v1.0
[23:24:13] [Server thread/INFO]: [0;33;1m[Dreamland] [0;32;1m[21menabled![m
[23:24:13] [Server thread/ERROR]: Error occurred while enabling Dreamland v1.0 (Is it up to date?)
java.lang.NoClassDefFoundError: net/minecraft/server/v1_12_R1/Packet
	at de.zwibbltv.dreamland.main.Main.onEnable(Main.java:121) ~[?:?]
	at org.bukkit.plugin.java.JavaPlugin.setEnabled(JavaPlugin.java:264) ~[spigot-1.13.1.jar:git-Spigot-2440e18-4228a56]
	at org.bukkit.plugin.java.JavaPluginLoader.enablePlugin(JavaPluginLoader.java:339) [spigot-1.13.1.jar:git-Spigot-2440e18-4228a56]
	at org.bukkit.plugin.SimplePluginManager.enablePlugin(SimplePluginManager.java:403) [spigot-1.13.1.jar:git-Spigot-2440e18-4228a56]
	at org.bukkit.craftbukkit.v1_13_R2.CraftServer.enablePlugin(CraftServer.java:427) [spigot-1.13.1.jar:git-Spigot-2440e18-4228a56]
	at org.bukkit.craftbukkit.v1_13_R2.CraftServer.enablePlugins(CraftServer.java:341) [spigot-1.13.1.jar:git-Spigot-2440e18-4228a56]
	at net.minecraft.server.v1_13_R2.MinecraftServer.l(MinecraftServer.java:582) [spigot-1.13.1.jar:git-Spigot-2440e18-4228a56]
	at net.minecraft.server.v1_13_R2.MinecraftServer.a(MinecraftServer.java:545) [spigot-1.13.1.jar:git-Spigot-2440e18-4228a56]
	at net.minecraft.server.v1_13_R2.MinecraftServer.a(MinecraftServer.java:423) [spigot-1.13.1.jar:git-Spigot-2440e18-4228a56]
	at net.minecraft.server.v1_13_R2.DedicatedServer.init(DedicatedServer.java:288) [spigot-1.13.1.jar:git-Spigot-2440e18-4228a56]
	at net.minecraft.server.v1_13_R2.MinecraftServer.run(MinecraftServer.java:698) [spigot-1.13.1.jar:git-Spigot-2440e18-4228a56]
	at java.lang.Thread.run(Unknown Source) [?:1.8.0_161]
Caused by: java.lang.ClassNotFoundException: net.minecraft.server.v1_12_R1.Packet
	at org.bukkit.plugin.java.PluginClassLoader.findClass(PluginClassLoader.java:105) ~[spigot-1.13.1.jar:git-Spigot-2440e18-4228a56]
	at org.bukkit.plugin.java.PluginClassLoader.findClass(PluginClassLoader.java:100) ~[spigot-1.13.1.jar:git-Spigot-2440e18-4228a56]
	at java.lang.ClassLoader.loadClass(Unknown Source) ~[?:1.8.0_161]
	at java.lang.ClassLoader.loadClass(Unknown Source) ~[?:1.8.0_161]
	... 12 more
[23:24:13] [Server thread/INFO]: [MCJukebox] Enabling MCJukebox v2.4
[23:24:13] [Server thread/INFO]: [MCJukebox] MCJukebox has been loaded!
[23:24:13] [Server thread/INFO]: Server permissions file permissions.yml is empty, ignoring it
[23:24:13] [Server thread/INFO]: Done (13.292s)! For help, type "help"
[23:24:13] [Server thread/INFO]: Starting GS4 status listener
[23:24:13] [Server thread/INFO]: Starting remote control listener
[23:24:13] [Query Listener #1/INFO]: Query running on 0.0.0.0:25565
[23:24:13] [Server thread/WARN]: No rcon password set in 'E:\Bibliotheken\Dokumente\Spigotprogramming\Dreamland\Dreamland-Plugin\DreamlandServer\server.properties', rcon disabled!
[23:24:13] [Craft Scheduler Thread - 0/INFO]: [Vault] You are running the latest version
[23:24:13] [EventThread/INFO]: [MCJukebox] Key accepted and connection to MCJukebox established.
[23:24:14] [EventThread/INFO]: [MCJukebox] Predicted time offset: 575ms.
[23:24:14] [Thread-33/INFO]: [Animatronics] There is a new version available! You are running: 1.8.6 , latest: 1.8.7 .
[23:24:14] [Craft Scheduler Thread - 3/INFO]: [PlaceholderAPI] 127 placeholder expansions are available on the cloud.
[23:24:16] [Server thread/INFO]: StevenPaw[/192.168.178.56:57197] logged in with entity id 320 at ([dreamland]-67.86298823957591, 85.0, 311.8121712720771)
[23:24:16] [Server thread/INFO]: [PlaceholderAPI] An update for PlaceholderAPI (v2.9.2) is available at:
[23:24:16] [Server thread/INFO]: [PlaceholderAPI] https://www.spigotmc.org/resources/placeholderapi.6245/
[23:24:22] [Server thread/WARN]: StevenPaw moved too quickly! 11.45985443505105,-1.2491870787446828,2.9204839637874898
[23:24:25] [Server thread/INFO]: StevenPaw issued server command: /pl
[23:25:14] [Server thread/INFO]: StevenPaw lost connection: Disconnected
[23:25:14] [Server thread/INFO]: StevenPaw left the game
[23:27:25] [Server thread/INFO]: Unknown command. Type "/help" for help.[m
[23:27:27] [Server thread/INFO]: Stopping the server
[23:27:27] [Server thread/INFO]: Stopping server
[23:27:27] [Server thread/INFO]: [MCJukebox] Disabling MCJukebox v2.4
[23:27:27] [Server thread/INFO]: [Dreamland] Disabling Dreamland v1.0
[23:27:27] [Server thread/INFO]: [0;33;1m[Dreamland] [0;31;1m[21mdisabled![m
[23:27:27] [Server thread/INFO]: [EnjinMinecraftPlugin] Disabling EnjinMinecraftPlugin v3.4.3
[23:27:27] [Server thread/INFO]: [WorldGuard] Disabling WorldGuard v6.2.1;84bc322
[23:27:27] [Server thread/INFO]: [WorldGuard] Shutting down executor and waiting for any pending tasks...
[23:27:27] [Server thread/INFO]: [ChairStairs] Disabling ChairStairs v1.1
[23:27:27] [Server thread/INFO]: [ChairStairs] has been disabled.
[23:27:27] [Server thread/INFO]: [Vault] Disabling Vault v1.6.1
[23:27:27] [Server thread/INFO]: [Hat] Disabling Hat v1.0
[23:27:27] [Server thread/INFO]: [Animatronics] Disabling Animatronics v1.8.6
[23:27:27] [Server thread/INFO]: [MineWallet] Disabling MineWallet v1.2.4
[23:27:27] [Server thread/INFO]: [MineWallet] Plugin stopped!
[23:27:27] [Server thread/INFO]: [ArmorStandEditor] Disabling ArmorStandEditor v1.11.2-19
[23:27:27] [Server thread/INFO]: [PermissionsEx] Disabling PermissionsEx v1.23.4
[23:27:27] [Server thread/INFO]: WEPIF: PermissionsEx detected! Using PermissionsEx for permissions.
[23:27:27] [Server thread/INFO]: [PlaceholderAPI] Disabling PlaceholderAPI v2.8.6
[23:27:27] [Server thread/INFO]: [ImageMaps] Disabling ImageMaps v0.4.3
[23:27:27] [Server thread/INFO]: [WorldEdit] Disabling WorldEdit v6.1.8-SNAPSHOT;cd4729f
[23:27:27] [Server thread/INFO]: [dynmap] Disabling dynmap v2.5-Dev201706100405
[23:27:27] [Server thread/ERROR]: Error occurred while disabling dynmap v2.5-Dev201706100405 (Is it up to date?)
java.lang.NullPointerException: null
	at org.dynmap.bukkit.DynmapPlugin.onDisable(DynmapPlugin.java:902) ~[?:?]
	at org.bukkit.plugin.java.JavaPlugin.setEnabled(JavaPlugin.java:266) ~[spigot-1.13.1.jar:git-Spigot-2440e18-4228a56]
	at org.bukkit.plugin.java.JavaPluginLoader.disablePlugin(JavaPluginLoader.java:363) [spigot-1.13.1.jar:git-Spigot-2440e18-4228a56]
	at org.bukkit.plugin.SimplePluginManager.disablePlugin(SimplePluginManager.java:422) [spigot-1.13.1.jar:git-Spigot-2440e18-4228a56]
	at org.bukkit.plugin.SimplePluginManager.disablePlugins(SimplePluginManager.java:415) [spigot-1.13.1.jar:git-Spigot-2440e18-4228a56]
	at org.bukkit.craftbukkit.v1_13_R2.CraftServer.disablePlugins(CraftServer.java:361) [spigot-1.13.1.jar:git-Spigot-2440e18-4228a56]
	at net.minecraft.server.v1_13_R2.MinecraftServer.stop(MinecraftServer.java:621) [spigot-1.13.1.jar:git-Spigot-2440e18-4228a56]
	at net.minecraft.server.v1_13_R2.MinecraftServer.run(MinecraftServer.java:766) [spigot-1.13.1.jar:git-Spigot-2440e18-4228a56]
	at java.lang.Thread.run(Unknown Source) [?:1.8.0_161]
[23:27:27] [Server thread/INFO]: Saving players
[23:27:27] [Server thread/INFO]: Saving worlds
[23:27:27] [Server thread/INFO]: Saving chunks for level 'dreamland_nether'/minecraft:the_nether
[23:27:27] [Server thread/INFO]: Saving chunks for level 'dreamland'/minecraft:overworld
[23:27:27] [Server thread/INFO]: Saving chunks for level 'dreamland_the_end'/minecraft:the_end
